<?xml version="1.0" encoding="UTF-8"?>
<!-- Generated by org.testng.reporters.JUnitXMLReporter -->
<testsuite ignored="2" hostname="Admin" failures="0" tests="2" name="Default test(failed)" time="29.6" errors="0" timestamp="2022-06-16T15:57:18 IST">
  <testcase classname="TestCases.LoginPageTestDuplicate" name="verifyTitleTest" time="0.088"/>
  <testcase classname="TestCases.LoginPageTestDuplicate" name="loginToAppTest" time="12.129"/>
  <testcase classname="TestCases.LoginPageTestDuplicate" name="verifyKiteLogoTest" time="0.0">
    <ignored/>
  </testcase> <!-- verifyKiteLogoTest -->
  <testcase classname="TestCases.LoginPageTestDuplicate" name="verifyZerodhaLogoTest" time="0.0">
    <ignored/>
  </testcase> <!-- verifyZerodhaLogoTest -->
</testsuite> <!-- Default test(failed) -->
