<?xml version="1.0" encoding="UTF-8"?>
<!-- Generated by org.testng.reporters.JUnitXMLReporter -->
<testsuite ignored="0" hostname="Admin" failures="0" tests="3" name="Test" time="78.644" errors="0" timestamp="2022-06-18T16:50:42 IST">
  <testcase classname="TestCases.ParrallelTest" name="openGoogle" time="66.823"/>
  <testcase classname="TestCases.ParrallelTest" name="openFb" time="73.112"/>
  <testcase classname="TestCases.ParrallelTest" name="openAmazon" time="78.526"/>
</testsuite> <!-- Test -->
