<?xml version="1.0" encoding="UTF-8"?>
<testng-results ignored="0" total="3" passed="3" failed="0" skipped="0">
  <reporter-output>
  </reporter-output>
  <suite started-at="2022-06-18T16:49:23 IST" name="Suite" finished-at="2022-06-18T16:50:42 IST" duration-ms="78644">
    <groups>
    </groups>
    <test started-at="2022-06-18T16:49:23 IST" name="Test" finished-at="2022-06-18T16:50:42 IST" duration-ms="78644">
      <class name="TestCases.ParrallelTest">
        <test-method signature="openGoogle()[pri:0, instance:TestCases.ParrallelTest@3d6f0054]" started-at="2022-06-18T16:49:23 IST" name="openGoogle" finished-at="2022-06-18T16:50:30 IST" duration-ms="66823" status="PASS">
          <reporter-output>
          </reporter-output>
        </test-method> <!-- openGoogle -->
        <test-method signature="openAmazon()[pri:0, instance:TestCases.ParrallelTest@3d6f0054]" started-at="2022-06-18T16:49:23 IST" name="openAmazon" finished-at="2022-06-18T16:50:42 IST" duration-ms="78526" status="PASS">
          <reporter-output>
          </reporter-output>
        </test-method> <!-- openAmazon -->
        <test-method signature="openFb()[pri:0, instance:TestCases.ParrallelTest@3d6f0054]" started-at="2022-06-18T16:49:23 IST" name="openFb" finished-at="2022-06-18T16:50:36 IST" duration-ms="73112" status="PASS">
          <reporter-output>
          </reporter-output>
        </test-method> <!-- openFb -->
      </class> <!-- TestCases.ParrallelTest -->
    </test> <!-- Test -->
  </suite> <!-- Suite -->
</testng-results>
